RUN	com.gatling.codtech.RecordedSimulation	recordedsimulation	1745491251491	 	3.6.1
USER	RecordedSimulation	START	1745491254950
USER	RecordedSimulation	START	1745491254949
USER	RecordedSimulation	START	1745491254976
USER	RecordedSimulation	START	1745491254949
USER	RecordedSimulation	START	1745491254965
USER	RecordedSimulation	START	1745491254981
USER	RecordedSimulation	START	1745491254949
USER	RecordedSimulation	START	1745491254980
USER	RecordedSimulation	START	1745491255109
USER	RecordedSimulation	START	1745491255110
REQUEST		request_0	1745491255092	1745491256339	OK	 
REQUEST		request_0	1745491255092	1745491256339	OK	 
REQUEST		request_0	1745491255092	1745491256337	OK	 
REQUEST		request_0	1745491255091	1745491256368	OK	 
REQUEST		request_0	1745491255110	1745491256353	OK	 
REQUEST		request_0	1745491255091	1745491256399	OK	 
REQUEST		request_0	1745491255092	1745491256411	OK	 
REQUEST		request_0	1745491255092	1745491256415	OK	 
REQUEST		request_0	1745491255110	1745491256745	OK	 
REQUEST		request_0	1745491255092	1745491256773	OK	 
REQUEST		favicon.ico?v=1721393199309	1745491256709	1745491257158	OK	 
REQUEST		favicon.ico?v=1721393199309	1745491256712	1745491257161	OK	 
REQUEST		favicon.ico?v=1721393199309	1745491256709	1745491257150	OK	 
REQUEST		favicon.ico?v=1721393199309	1745491256712	1745491257157	OK	 
REQUEST		favicon.ico?v=1721393199309	1745491256722	1745491257168	OK	 
REQUEST		favicon.ico?v=1721393199309	1745491256709	1745491257156	OK	 
REQUEST		favicon.ico?v=1721393199309	1745491256710	1745491257151	OK	 
REQUEST		favicon.ico?v=1721393199309	1745491256719	1745491257165	OK	 
REQUEST		favicon.ico?v=1721393199309	1745491256788	1745491257216	OK	 
REQUEST		favicon.ico?v=1721393199309	1745491256754	1745491257233	OK	 
REQUEST		request_2	1745491257185	1745491257679	OK	 
REQUEST		request_2	1745491257182	1745491257683	OK	 
REQUEST		request_2	1745491257182	1745491257691	OK	 
REQUEST		request_2	1745491257181	1745491257692	OK	 
REQUEST		request_2	1745491257181	1745491257700	OK	 
REQUEST		request_2	1745491257183	1745491257702	OK	 
REQUEST		request_2	1745491257218	1745491257724	OK	 
REQUEST		request_2	1745491257201	1745491257731	OK	 
REQUEST		request_2	1745491257235	1745491257731	OK	 
REQUEST		request_2	1745491257184	1745491257736	OK	 
REQUEST		request_3	1745491257684	1745491257919	OK	 
REQUEST		request_3	1745491257686	1745491257931	OK	 
REQUEST		request_3	1745491257692	1745491257932	OK	 
REQUEST		request_3	1745491257692	1745491257974	OK	 
REQUEST		request_3	1745491257704	1745491258047	OK	 
REQUEST		request_3	1745491257701	1745491258062	OK	 
REQUEST		request_3	1745491257732	1745491258066	OK	 
REQUEST		request_3	1745491257732	1745491258073	OK	 
REQUEST		request_3	1745491257725	1745491258075	OK	 
REQUEST		request_3	1745491257737	1745491258084	OK	 
REQUEST		app.css?v=1721393199309	1745491256726	1745491259324	OK	 
REQUEST		request_1	1745491256747	1745491259324	OK	 
REQUEST		request_1	1745491256735	1745491259462	OK	 
REQUEST		request_1	1745491256737	1745491259496	OK	 
REQUEST		request_1	1745491256769	1745491259543	OK	 
REQUEST		request_1	1745491256796	1745491259548	OK	 
REQUEST		request_1	1745491256752	1745491259672	OK	 
REQUEST		request_1	1745491256723	1745491259704	OK	 
REQUEST		chunk-vendors.css?v=1721393199309	1745491256733	1745491259732	OK	 
REQUEST		app.css?v=1721393199309	1745491256791	1745491259740	OK	 
REQUEST		chunk-vendors.css?v=1721393199309	1745491256727	1745491259782	OK	 
REQUEST		app.css?v=1721393199309	1745491256720	1745491259816	OK	 
REQUEST		app.css?v=1721393199309	1745491256735	1745491260422	OK	 
REQUEST		chunk-vendors.css?v=1721393199309	1745491256727	1745491260443	OK	 
REQUEST		chunk-vendors.css?v=1721393199309	1745491256719	1745491260589	OK	 
REQUEST		app.css?v=1721393199309	1745491256724	1745491260836	OK	 
REQUEST		chunk-vendors.css?v=1721393199309	1745491256725	1745491262095	OK	 
REQUEST		chunk-vendors.css?v=1721393199309	1745491256733	1745491262553	OK	 
REQUEST		app.css?v=1721393199309	1745491256729	1745491262554	OK	 
REQUEST		app.css?v=1721393199309	1745491256717	1745491263364	OK	 
REQUEST		app.css?v=1721393199309	1745491256734	1745491263642	OK	 
REQUEST		app.css?v=1721393199309	1745491256734	1745491263819	OK	 
REQUEST		request_1	1745491256737	1745491263831	OK	 
REQUEST		app.js?v=1721393199309	1745491256736	1745491264318	OK	 
REQUEST		chunk-vendors.css?v=1721393199309	1745491256723	1745491264340	OK	 
REQUEST		chunk-vendors.css?v=1721393199309	1745491256715	1745491264362	OK	 
REQUEST		app.css?v=1721393199309	1745491256757	1745491264376	OK	 
REQUEST		app.js?v=1721393199309	1745491256722	1745491264790	OK	 
REQUEST		request_1	1745491256739	1745491264904	OK	 
REQUEST		chunk-vendors.css?v=1721393199309	1745491256790	1745491265298	OK	 
REQUEST		request_1	1745491256731	1745491265422	OK	 
REQUEST		chunk-vendors.js?v=1721393199309	1745491256763	1745491265683	OK	 
REQUEST		chunk-vendors.js?v=1721393199309	1745491256720	1745491265865	OK	 
REQUEST		app.js?v=1721393199309	1745491256733	1745491266257	OK	 
REQUEST		chunk-vendors.js?v=1721393199309	1745491256736	1745491267135	OK	 
REQUEST		chunk-vendors.js?v=1721393199309	1745491256735	1745491267455	OK	 
REQUEST		app.js?v=1721393199309	1745491256721	1745491268523	OK	 
REQUEST		app.js?v=1721393199309	1745491256766	1745491268833	OK	 
REQUEST		app.js?v=1721393199309	1745491256734	1745491269082	OK	 
REQUEST		app.js?v=1721393199309	1745491256737	1745491269159	OK	 
REQUEST		chunk-vendors.js?v=1721393199309	1745491256735	1745491269218	OK	 
REQUEST		chunk-vendors.css?v=1721393199309	1745491256756	1745491269316	OK	 
REQUEST		app.js?v=1721393199309	1745491256795	1745491269394	OK	 
REQUEST		chunk-vendors.js?v=1721393199309	1745491256792	1745491269417	OK	 
REQUEST		chunk-vendors.js?v=1721393199309	1745491256726	1745491269488	OK	 
REQUEST		chunk-vendors.js?v=1721393199309	1745491256732	1745491270345	OK	 
REQUEST		app.js?v=1721393199309	1745491256736	1745491270454	OK	 
REQUEST		chunk-vendors.js?v=1721393199309	1745491256731	1745491270854	OK	 
REQUEST		chunk-vendors.js?v=1721393199309	1745491256721	1745491270938	OK	 
REQUEST		app.js?v=1721393199309	1745491256728	1745491271650	OK	 
REQUEST		request_4	1745491282556	1745491283135	OK	 
REQUEST		request_4 Redirect 1	1745491283144	1745491283477	OK	 
REQUEST		request_4	1745491283171	1745491283507	OK	 
REQUEST		request_4	1745491283226	1745491283566	OK	 
REQUEST		request_4	1745491283321	1745491283639	OK	 
REQUEST		request_4	1745491283430	1745491283737	OK	 
REQUEST		app.css?v=1721393199309	1745491283497	1745491283742	OK	 
REQUEST		chunk-vendors.js?v=1721393199309	1745491283499	1745491283749	OK	 
REQUEST		app.js?v=1721393199309	1745491283500	1745491283752	OK	 
REQUEST		chunk-vendors.css?v=1721393199309	1745491283496	1745491283754	OK	 
REQUEST		favicon.ico?v=1721393199309	1745491283495	1745491283770	OK	 
REQUEST		request_4 Redirect 1	1745491283508	1745491283841	OK	 
REQUEST		request_4 Redirect 1	1745491283567	1745491283901	OK	 
REQUEST		request_4 Redirect 1	1745491283639	1745491283966	OK	 
REQUEST		request_6	1745491283501	1745491283997	OK	 
REQUEST		request_7	1745491283745	1745491284001	OK	 
REQUEST		app.css?v=1721393199309	1745491283850	1745491284097	OK	 
REQUEST		chunk-vendors.js?v=1721393199309	1745491283851	1745491284100	OK	 
REQUEST		favicon.ico?v=1721393199309	1745491283849	1745491284102	OK	 
REQUEST		app.js?v=1721393199309	1745491283852	1745491284107	OK	 
REQUEST		request_4 Redirect 1	1745491283738	1745491284107	OK	 
REQUEST		request_9	1745491283753	1745491284082	KO	status.find.in(200,201,202,203,204,205,206,207,208,209,304), found 401
REQUEST		chunk-vendors.css?v=1721393199309	1745491283849	1745491284110	OK	 
REQUEST		request_10	1745491283755	1745491284113	KO	status.find.in(200,201,202,203,204,205,206,207,208,209,304), found 401
REQUEST		request_8	1745491283750	1745491284126	OK	 
REQUEST		request_11	1745491283771	1745491284145	OK	 
REQUEST		app.css?v=1721393199309	1745491283914	1745491284163	OK	 
REQUEST		chunk-vendors.css?v=1721393199309	1745491283913	1745491284167	OK	 
REQUEST		favicon.ico?v=1721393199309	1745491283912	1745491284172	OK	 
REQUEST		chunk-vendors.js?v=1721393199309	1745491283916	1745491284177	OK	 
REQUEST		app.js?v=1721393199309	1745491283923	1745491284182	OK	 
REQUEST		favicon.ico?v=1721393199309	1745491283977	1745491284229	OK	 
REQUEST		app.js?v=1721393199309	1745491283983	1745491284234	OK	 
REQUEST		app.css?v=1721393199309	1745491283980	1745491284238	OK	 
REQUEST		chunk-vendors.js?v=1721393199309	1745491283981	1745491284253	OK	 
REQUEST		chunk-vendors.css?v=1721393199309	1745491283979	1745491284257	OK	 
REQUEST		request_12	1745491283999	1745491284307	KO	status.find.in(200,201,202,203,204,205,206,207,208,209,304), found 401
REQUEST		request_13	1745491284003	1745491284324	KO	status.find.in(200,201,202,203,204,205,206,207,208,209,304), found 401
REQUEST		request_7	1745491284098	1745491284343	OK	 
REQUEST		request_6	1745491283853	1745491284349	OK	 
REQUEST		app.js?v=1721393199309	1745491284123	1745491284391	OK	 
REQUEST		favicon.ico?v=1721393199309	1745491284118	1745491284395	OK	 
REQUEST		app.css?v=1721393199309	1745491284120	1745491284399	OK	 
REQUEST		chunk-vendors.js?v=1721393199309	1745491284122	1745491284403	OK	 
REQUEST		chunk-vendors.css?v=1721393199309	1745491284119	1745491284408	OK	 
REQUEST		request_7	1745491284165	1745491284423	OK	 
REQUEST		request_6	1745491283924	1745491284429	OK	 
REQUEST		request_9	1745491284103	1745491284446	KO	status.find.in(200,201,202,203,204,205,206,207,208,209,304), found 401
REQUEST		request_14	1745491284111	1745491284462	KO	status.find.in(200,201,202,203,204,205,206,207,208,209,304), found 401
REQUEST		request_15	1745491284115	1745491284472	KO	status.find.in(200,201,202,203,204,205,206,207,208,209,304), found 401
REQUEST		request_7	1745491284231	1745491284475	OK	 
REQUEST		request_8	1745491284101	1745491284483	OK	 
REQUEST		request_6	1745491283984	1745491284485	OK	 
REQUEST		request_8	1745491284128	1745491284517	OK	 
REQUEST		request_11	1745491284116	1745491284528	OK	 
REQUEST		request_10	1745491284108	1745491284563	KO	status.find.in(200,201,202,203,204,205,206,207,208,209,304), found 401
REQUEST		request_8	1745491284170	1745491284573	OK	 
REQUEST		request_8	1745491284236	1745491284579	OK	 
REQUEST		request_9	1745491284175	1745491284590	KO	status.find.in(200,201,202,203,204,205,206,207,208,209,304), found 401
REQUEST		request_11	1745491284146	1745491284603	OK	 
REQUEST		request_11	1745491284184	1745491284603	OK	 
REQUEST		request_9	1745491284240	1745491284617	KO	status.find.in(200,201,202,203,204,205,206,207,208,209,304), found 401
REQUEST		request_7	1745491284393	1745491284629	OK	 
REQUEST		request_10	1745491284179	1745491284629	KO	status.find.in(200,201,202,203,204,205,206,207,208,209,304), found 401
REQUEST		request_6	1745491284124	1745491284641	OK	 
REQUEST		request_10	1745491284255	1745491284641	KO	status.find.in(200,201,202,203,204,205,206,207,208,209,304), found 401
REQUEST		request_16	1745491284310	1745491284693	KO	status.find.in(200,201,202,203,204,205,206,207,208,209,304), found 401
REQUEST		request_11	1745491284259	1745491284699	OK	 
USER	RecordedSimulation	END	1745491284712
REQUEST		request_13	1745491284351	1745491284714	KO	status.find.in(200,201,202,203,204,205,206,207,208,209,304), found 401
REQUEST		request_4	1745491284359	1745491284744	OK	 
REQUEST		request_12	1745491284345	1745491284751	KO	status.find.in(200,201,202,203,204,205,206,207,208,209,304), found 401
REQUEST		request_8	1745491284397	1745491284786	OK	 
REQUEST		request_13	1745491284431	1745491284788	KO	status.find.in(200,201,202,203,204,205,206,207,208,209,304), found 401
REQUEST		request_10	1745491284405	1745491284801	KO	status.find.in(200,201,202,203,204,205,206,207,208,209,304), found 401
REQUEST		request_14	1745491284449	1745491284819	KO	status.find.in(200,201,202,203,204,205,206,207,208,209,304), found 401
REQUEST		request_12	1745491284426	1745491284819	KO	status.find.in(200,201,202,203,204,205,206,207,208,209,304), found 401
REQUEST		request_12	1745491284476	1745491284829	KO	status.find.in(200,201,202,203,204,205,206,207,208,209,304), found 401
REQUEST		request_9	1745491284401	1745491284829	KO	status.find.in(200,201,202,203,204,205,206,207,208,209,304), found 401
REQUEST		request_11	1745491284410	1745491284836	OK	 
REQUEST		request_4	1745491284468	1745491284865	OK	 
REQUEST		request_13	1745491284486	1745491284882	KO	status.find.in(200,201,202,203,204,205,206,207,208,209,304), found 401
REQUEST		request_8	1745491284484	1745491284916	OK	 
REQUEST		request_8	1745491284580	1745491284956	OK	 
REQUEST		request_8	1745491284574	1745491284968	OK	 
REQUEST		request_11	1745491284528	1745491284974	OK	 
REQUEST		request_14	1745491284619	1745491284988	KO	status.find.in(200,201,202,203,204,205,206,207,208,209,304), found 401
REQUEST		request_12	1745491284631	1745491285007	KO	status.find.in(200,201,202,203,204,205,206,207,208,209,304), found 401
REQUEST		request_15	1745491284564	1745491285022	KO	status.find.in(200,201,202,203,204,205,206,207,208,209,304), found 401
REQUEST		request_14	1745491284592	1745491285025	KO	status.find.in(200,201,202,203,204,205,206,207,208,209,304), found 401
REQUEST		request_11	1745491284604	1745491285032	OK	 
REQUEST		request_13	1745491284643	1745491285037	KO	status.find.in(200,201,202,203,204,205,206,207,208,209,304), found 401
REQUEST		request_15	1745491284632	1745491285040	KO	status.find.in(200,201,202,203,204,205,206,207,208,209,304), found 401
REQUEST		request_15	1745491284645	1745491285087	KO	status.find.in(200,201,202,203,204,205,206,207,208,209,304), found 401
REQUEST		request_16	1745491284717	1745491285111	KO	status.find.in(200,201,202,203,204,205,206,207,208,209,304), found 401
USER	RecordedSimulation	END	1745491285116
REQUEST		request_11	1745491284701	1745491285131	OK	 
REQUEST		request_4 Redirect 1	1745491284746	1745491285172	OK	 
REQUEST		request_8	1745491284787	1745491285181	OK	 
REQUEST		request_16	1745491284792	1745491285195	KO	status.find.in(200,201,202,203,204,205,206,207,208,209,304), found 401
REQUEST		request_14	1745491284802	1745491285205	KO	status.find.in(200,201,202,203,204,205,206,207,208,209,304), found 401
USER	RecordedSimulation	END	1745491285208
REQUEST		request_16	1745491284830	1745491285212	KO	status.find.in(200,201,202,203,204,205,206,207,208,209,304), found 401
REQUEST		request_4	1745491284869	1745491285223	OK	 
REQUEST		request_11	1745491284836	1745491285229	OK	 
USER	RecordedSimulation	END	1745491285228
REQUEST		request_15	1745491284830	1745491285234	KO	status.find.in(200,201,202,203,204,205,206,207,208,209,304), found 401
REQUEST		request_4 Redirect 1	1745491284866	1745491285252	OK	 
REQUEST		request_4	1745491284950	1745491285287	OK	 
REQUEST		request_16	1745491285011	1745491285340	KO	status.find.in(200,201,202,203,204,205,206,207,208,209,304), found 401
USER	RecordedSimulation	END	1745491285346
REQUEST		favicon.ico?v=1721393199309	1745491285198	1745491285431	OK	 
REQUEST		chunk-vendors.css?v=1721393199309	1745491285203	1745491285448	OK	 
REQUEST		app.css?v=1721393199309	1745491285206	1745491285453	OK	 
REQUEST		chunk-vendors.js?v=1721393199309	1745491285208	1745491285458	OK	 
REQUEST		app.js?v=1721393199309	1745491285214	1745491285469	OK	 
REQUEST		app.css?v=1721393199309	1745491285273	1745491285511	OK	 
REQUEST		favicon.ico?v=1721393199309	1745491285269	1745491285525	OK	 
REQUEST		chunk-vendors.css?v=1721393199309	1745491285271	1745491285529	OK	 
REQUEST		chunk-vendors.js?v=1721393199309	1745491285275	1745491285534	OK	 
REQUEST		app.js?v=1721393199309	1745491285279	1745491285539	OK	 
REQUEST		request_4 Redirect 1	1745491285225	1745491285561	OK	 
REQUEST		request_4 Redirect 1	1745491285288	1745491285640	OK	 
REQUEST		request_7	1745491285432	1745491285668	OK	 
REQUEST		request_6	1745491285218	1745491285701	OK	 
REQUEST		request_7	1745491285513	1745491285743	OK	 
REQUEST		request_8	1745491285450	1745491285773	OK	 
REQUEST		request_6	1745491285281	1745491285787	OK	 
REQUEST		request_9	1745491285456	1745491285799	KO	status.find.in(200,201,202,203,204,205,206,207,208,209,304), found 401
REQUEST		request_10	1745491285459	1745491285804	KO	status.find.in(200,201,202,203,204,205,206,207,208,209,304), found 401
REQUEST		request_11	1745491285471	1745491285816	OK	 
REQUEST		app.js?v=1721393199309	1745491285591	1745491285841	OK	 
REQUEST		favicon.ico?v=1721393199309	1745491285581	1745491285845	OK	 
REQUEST		app.css?v=1721393199309	1745491285585	1745491285852	OK	 
REQUEST		chunk-vendors.js?v=1721393199309	1745491285588	1745491285856	OK	 
REQUEST		chunk-vendors.css?v=1721393199309	1745491285583	1745491285861	OK	 
REQUEST		request_10	1745491285536	1745491285872	KO	status.find.in(200,201,202,203,204,205,206,207,208,209,304), found 401
REQUEST		request_8	1745491285526	1745491285878	OK	 
REQUEST		request_9	1745491285531	1745491285892	KO	status.find.in(200,201,202,203,204,205,206,207,208,209,304), found 401
REQUEST		app.css?v=1721393199309	1745491285664	1745491285903	OK	 
REQUEST		request_11	1745491285541	1745491285904	OK	 
REQUEST		favicon.ico?v=1721393199309	1745491285660	1745491285910	OK	 
REQUEST		app.js?v=1721393199309	1745491285668	1745491285917	OK	 
REQUEST		chunk-vendors.css?v=1721393199309	1745491285662	1745491285929	OK	 
REQUEST		chunk-vendors.js?v=1721393199309	1745491285666	1745491285933	OK	 
REQUEST		request_12	1745491285670	1745491285974	KO	status.find.in(200,201,202,203,204,205,206,207,208,209,304), found 401
REQUEST		request_4	1745491285680	1745491286003	OK	 
REQUEST		request_13	1745491285703	1745491286013	KO	status.find.in(200,201,202,203,204,205,206,207,208,209,304), found 401
REQUEST		request_12	1745491285744	1745491286060	KO	status.find.in(200,201,202,203,204,205,206,207,208,209,304), found 401
REQUEST		request_7	1745491285843	1745491286091	OK	 
REQUEST		request_6	1745491285593	1745491286094	OK	 
REQUEST		request_13	1745491285789	1745491286118	KO	status.find.in(200,201,202,203,204,205,206,207,208,209,304), found 401
REQUEST		request_8	1745491285774	1745491286149	OK	 
REQUEST		request_7	1745491285905	1745491286149	OK	 
REQUEST		request_14	1745491285802	1745491286162	KO	status.find.in(200,201,202,203,204,205,206,207,208,209,304), found 401
REQUEST		request_6	1745491285670	1745491286174	OK	 
REQUEST		request_11	1745491285817	1745491286194	OK	 
REQUEST		request_8	1745491285846	1745491286210	OK	 
REQUEST		request_15	1745491285808	1745491286211	KO	status.find.in(200,201,202,203,204,205,206,207,208,209,304), found 401
REQUEST		request_11	1745491285862	1745491286223	OK	 
REQUEST		request_10	1745491285858	1745491286253	KO	status.find.in(200,201,202,203,204,205,206,207,208,209,304), found 401
REQUEST		request_15	1745491285894	1745491286254	KO	status.find.in(200,201,202,203,204,205,206,207,208,209,304), found 401
REQUEST		request_9	1745491285853	1745491286266	KO	status.find.in(200,201,202,203,204,205,206,207,208,209,304), found 401
REQUEST		request_8	1745491285912	1745491286287	OK	 
REQUEST		request_8	1745491285879	1745491286292	OK	 
REQUEST		request_9	1745491285919	1745491286307	KO	status.find.in(200,201,202,203,204,205,206,207,208,209,304), found 401
REQUEST		request_14	1745491285875	1745491286312	KO	status.find.in(200,201,202,203,204,205,206,207,208,209,304), found 401
REQUEST		request_10	1745491285929	1745491286321	KO	status.find.in(200,201,202,203,204,205,206,207,208,209,304), found 401
REQUEST		request_11	1745491285935	1745491286327	OK	 
REQUEST		request_16	1745491285976	1745491286345	KO	status.find.in(200,201,202,203,204,205,206,207,208,209,304), found 401
USER	RecordedSimulation	END	1745491286352
REQUEST		request_11	1745491285905	1745491286365	OK	 
REQUEST		request_4 Redirect 1	1745491286004	1745491286365	OK	 
REQUEST		request_16	1745491286062	1745491286384	KO	status.find.in(200,201,202,203,204,205,206,207,208,209,304), found 401
USER	RecordedSimulation	END	1745491286390
REQUEST		request_12	1745491286092	1745491286404	KO	status.find.in(200,201,202,203,204,205,206,207,208,209,304), found 401
REQUEST		request_13	1745491286096	1745491286422	KO	status.find.in(200,201,202,203,204,205,206,207,208,209,304), found 401
REQUEST		request_12	1745491286150	1745491286447	KO	status.find.in(200,201,202,203,204,205,206,207,208,209,304), found 401
REQUEST		request_13	1745491286176	1745491286498	KO	status.find.in(200,201,202,203,204,205,206,207,208,209,304), found 401
REQUEST		request_8	1745491286212	1745491286565	OK	 
REQUEST		request_11	1745491286225	1745491286581	OK	 
REQUEST		request_14	1745491286256	1745491286598	KO	status.find.in(200,201,202,203,204,205,206,207,208,209,304), found 401
REQUEST		chunk-vendors.js?v=1721393199309	1745491286376	1745491286622	OK	 
REQUEST		request_15	1745491286268	1745491286622	KO	status.find.in(200,201,202,203,204,205,206,207,208,209,304), found 401
REQUEST		favicon.ico?v=1721393199309	1745491286373	1745491286631	OK	 
REQUEST		app.css?v=1721393199309	1745491286375	1745491286641	OK	 
REQUEST		app.js?v=1721393199309	1745491286378	1745491286647	OK	 
REQUEST		request_8	1745491286287	1745491286653	OK	 
REQUEST		chunk-vendors.css?v=1721393199309	1745491286374	1745491286659	OK	 
REQUEST		request_14	1745491286308	1745491286658	KO	status.find.in(200,201,202,203,204,205,206,207,208,209,304), found 401
REQUEST		request_15	1745491286322	1745491286673	KO	status.find.in(200,201,202,203,204,205,206,207,208,209,304), found 401
REQUEST		request_11	1745491286327	1745491286703	OK	 
REQUEST		request_16	1745491286406	1745491286725	KO	status.find.in(200,201,202,203,204,205,206,207,208,209,304), found 401
USER	RecordedSimulation	END	1745491286735
REQUEST		request_16	1745491286448	1745491286748	KO	status.find.in(200,201,202,203,204,205,206,207,208,209,304), found 401
USER	RecordedSimulation	END	1745491286759
REQUEST		request_7	1745491286624	1745491286925	OK	 
REQUEST		request_6	1745491286379	1745491286927	OK	 
REQUEST		request_8	1745491286633	1745491286949	OK	 
REQUEST		request_10	1745491286649	1745491286982	KO	status.find.in(200,201,202,203,204,205,206,207,208,209,304), found 401
REQUEST		request_9	1745491286645	1745491286997	KO	status.find.in(200,201,202,203,204,205,206,207,208,209,304), found 401
REQUEST		request_11	1745491286663	1745491287028	OK	 
REQUEST		request_12	1745491286926	1745491287241	KO	status.find.in(200,201,202,203,204,205,206,207,208,209,304), found 401
REQUEST		request_13	1745491286927	1745491287255	KO	status.find.in(200,201,202,203,204,205,206,207,208,209,304), found 401
REQUEST		request_8	1745491286949	1745491287297	OK	 
REQUEST		request_14	1745491286983	1745491287320	KO	status.find.in(200,201,202,203,204,205,206,207,208,209,304), found 401
REQUEST		request_15	1745491286999	1745491287331	KO	status.find.in(200,201,202,203,204,205,206,207,208,209,304), found 401
REQUEST		request_11	1745491287029	1745491287377	OK	 
REQUEST		request_16	1745491287244	1745491287573	KO	status.find.in(200,201,202,203,204,205,206,207,208,209,304), found 401
USER	RecordedSimulation	END	1745491287583
